<?xml version="1.0" encoding="UTF-8"?>
<testsuite xmlns:xsi="http://www.w3.org/2001/XMLSchema-instance" xsi:noNamespaceSchemaLocation="https://maven.apache.org/surefire/maven-surefire-plugin/xsd/surefire-test-report.xsd" name="com.CucumberOptions.RunCukeTest" time="34.417" tests="2" errors="0" skipped="0" failures="0">
  <properties>
[...]
</properties>
  <testcase name="Buscar uma vaga a partir da pagina inicial do site da Zup" classname="Buscar uma vaga no site da Zup" time="25.427"/>
  <testcase name="Buscar uma vaga no campo de busca da pagina de outra vaga" classname="Buscar uma vaga no site da Zup" time="6.952"/>
</testsuite>